# JRE version: OpenJDK Runtime Environment (17.0.7) (build 17.0.7+0-b2043.56-10550314)
# Java VM: OpenJDK 64-Bit Server VM (17.0.7+0-b2043.56-10550314, mixed mode, tiered, compressed oops, compressed class ptrs, g1 gc, windows-amd64)
GC Precious Log:
 CPUs: 12 total, 12 available
 Memory: 6005M
 Large Page Support: Disabled
 NUMA Support: Disabled
 Compressed Oops: Enabled (32-bit)
 Heap Region Size: 1M
 Heap Min Capacity: 8M
 Heap Initial Capacity: 94M
 Heap Max Capacity: 2G
 Pre-touch: Disabled
 Parallel Workers: 10
 Concurrent Workers: 3
 Concurrent Refinement Workers: 10
 Periodic GC: Disabled
Heap:
 garbage-first heap   total 330752K, used 234740K [0x0000000080000000, 0x0000000100000000)
  region size 1024K, 16 young (16384K), 6 survivors (6144K)
 Metaspace       used 140513K, committed 141504K, reserved 1179648K
  class space    used 19106K, committed 19584K, reserved 1048576K
GC Heap History (20 events):
Event: 113.116 GC heap before
{Heap before GC invocations=63 (full 0):
 garbage-first heap   total 330752K, used 264559K [0x0000000080000000, 0x0000000100000000)
  region size 1024K, 94 young (96256K), 9 survivors (9216K)
 Metaspace       used 122890K, committed 123776K, reserved 1179648K
  class space    used 16132K, committed 16576K, reserved 1048576K
}
Event: 113.123 GC heap after
{Heap after GC invocations=64 (full 0):
 garbage-first heap   total 330752K, used 177943K [0x0000000080000000, 0x0000000100000000)
  region size 1024K, 5 young (5120K), 5 survivors (5120K)
 Metaspace       used 122890K, committed 123776K, reserved 1179648K
  class space    used 16132K, committed 16576K, reserved 1048576K
}
Event: 115.898 GC heap before
{Heap before GC invocations=64 (full 0):
 garbage-first heap   total 330752K, used 269079K [0x0000000080000000, 0x0000000100000000)
  region size 1024K, 94 young (96256K), 5 survivors (5120K)
 Metaspace       used 125380K, committed 126272K, reserved 1179648K
  class space    used 16420K, committed 16832K, reserved 1048576K
}
Event: 115.905 GC heap after
{Heap after GC invocations=65 (full 0):
 garbage-first heap   total 330752K, used 185217K [0x0000000080000000, 0x0000000100000000)
  region size 1024K, 12 young (12288K), 12 survivors (12288K)
 Metaspace       used 125380K, committed 126272K, reserved 1179648K
  class space    used 16420K, committed 16832K, reserved 1048576K
}
Event: 116.689 GC heap before
{Heap before GC invocations=65 (full 0):
 garbage-first heap   total 330752K, used 270209K [0x0000000080000000, 0x0000000100000000)
  region size 1024K, 96 young (98304K), 12 survivors (12288K)
 Metaspace       used 125856K, committed 126784K, reserved 1179648K
  class space    used 16490K, committed 16960K, reserved 1048576K
}
Event: 116.699 GC heap after
{Heap after GC invocations=66 (full 0):
 garbage-first heap   total 330752K, used 190400K [0x0000000080000000, 0x0000000100000000)
  region size 1024K, 8 young (8192K), 8 survivors (8192K)
 Metaspace       used 125856K, committed 126784K, reserved 1179648K
  class space    used 16490K, committed 16960K, reserved 1048576K
}
Event: 117.621 GC heap before
{Heap before GC invocations=66 (full 0):
 garbage-first heap   total 330752K, used 271296K [0x0000000080000000, 0x0000000100000000)
  region size 1024K, 88 young (90112K), 8 survivors (8192K)
 Metaspace       used 128457K, committed 129344K, reserved 1179648K
  class space    used 16905K, committed 17344K, reserved 1048576K
}
Event: 117.630 GC heap after
{Heap after GC invocations=67 (full 0):
 garbage-first heap   total 330752K, used 200549K [0x0000000080000000, 0x0000000100000000)
  region size 1024K, 11 young (11264K), 11 survivors (11264K)
 Metaspace       used 128457K, committed 129344K, reserved 1179648K
  class space    used 16905K, committed 17344K, reserved 1048576K
}
Event: 118.194 GC heap before
{Heap before GC invocations=67 (full 0):
 garbage-first heap   total 330752K, used 271205K [0x0000000080000000, 0x0000000100000000)
  region size 1024K, 81 young (82944K), 11 survivors (11264K)
 Metaspace       used 132661K, committed 133568K, reserved 1179648K
  class space    used 17603K, committed 18048K, reserved 1048576K
}
Event: 118.206 GC heap after
{Heap after GC invocations=68 (full 0):
 garbage-first heap   total 330752K, used 211328K [0x0000000080000000, 0x0000000100000000)
  region size 1024K, 11 young (11264K), 11 survivors (11264K)
 Metaspace       used 132661K, committed 133568K, reserved 1179648K
  class space    used 17603K, committed 18048K, reserved 1048576K
}
Event: 118.757 GC heap before
{Heap before GC invocations=68 (full 0):
 garbage-first heap   total 330752K, used 272768K [0x0000000080000000, 0x0000000100000000)
  region size 1024K, 72 young (73728K), 11 survivors (11264K)
 Metaspace       used 135601K, committed 136512K, reserved 1179648K
  class space    used 18102K, committed 18560K, reserved 1048576K
}
Event: 118.769 GC heap after
{Heap after GC invocations=69 (full 0):
 garbage-first heap   total 330752K, used 220160K [0x0000000080000000, 0x0000000100000000)
  region size 1024K, 9 young (9216K), 9 survivors (9216K)
 Metaspace       used 135601K, committed 136512K, reserved 1179648K
  class space    used 18102K, committed 18560K, reserved 1048576K
}
Event: 118.873 GC heap before
{Heap before GC invocations=69 (full 0):
 garbage-first heap   total 330752K, used 274432K [0x0000000080000000, 0x0000000100000000)
  region size 1024K, 63 young (64512K), 9 survivors (9216K)
 Metaspace       used 137031K, committed 137920K, reserved 1179648K
  class space    used 18434K, committed 18880K, reserved 1048576K
}
Event: 118.885 GC heap after
{Heap after GC invocations=70 (full 0):
 garbage-first heap   total 330752K, used 228352K [0x0000000080000000, 0x0000000100000000)
  region size 1024K, 8 young (8192K), 8 survivors (8192K)
 Metaspace       used 137031K, committed 137920K, reserved 1179648K
  class space    used 18434K, committed 18880K, reserved 1048576K
}
Event: 119.018 GC heap before
{Heap before GC invocations=70 (full 0):
 garbage-first heap   total 330752K, used 277504K [0x0000000080000000, 0x0000000100000000)
  region size 1024K, 56 young (57344K), 8 survivors (8192K)
 Metaspace       used 138177K, committed 139072K, reserved 1179648K
  class space    used 18642K, committed 19072K, reserved 1048576K
}
Event: 119.029 GC heap after
{Heap after GC invocations=71 (full 0):
 garbage-first heap   total 330752K, used 236189K [0x0000000080000000, 0x0000000100000000)
  region size 1024K, 7 young (7168K), 7 survivors (7168K)
 Metaspace       used 138177K, committed 139072K, reserved 1179648K
  class space    used 18642K, committed 19072K, reserved 1048576K
}
Event: 119.106 GC heap before
{Heap before GC invocations=71 (full 0):
 garbage-first heap   total 330752K, used 279197K [0x0000000080000000, 0x0000000100000000)
  region size 1024K, 49 young (50176K), 7 survivors (7168K)
 Metaspace       used 138981K, committed 139904K, reserved 1179648K
  class space    used 18810K, committed 19264K, reserved 1048576K
}
Event: 119.118 GC heap after
{Heap after GC invocations=72 (full 0):
 garbage-first heap   total 330752K, used 242710K [0x0000000080000000, 0x0000000100000000)
  region size 1024K, 7 young (7168K), 7 survivors (7168K)
 Metaspace       used 138981K, committed 139904K, reserved 1179648K
  class space    used 18810K, committed 19264K, reserved 1048576K
}
Event: 119.299 GC heap before
{Heap before GC invocations=72 (full 0):
 garbage-first heap   total 330752K, used 281622K [0x0000000080000000, 0x0000000100000000)
  region size 1024K, 45 young (46080K), 7 survivors (7168K)
 Metaspace       used 139873K, committed 140864K, reserved 1179648K
  class space    used 18981K, committed 19456K, reserved 1048576K
}
Event: 119.308 GC heap after
{Heap after GC invocations=73 (full 0):
 garbage-first heap   total 330752K, used 248052K [0x0000000080000000, 0x0000000100000000)
  region size 1024K, 6 young (6144K), 6 survivors (6144K)
 Metaspace       used 139873K, committed 140864K, reserved 1179648K
  class space    used 18981K, committed 19456K, reserved 1048576K
}

