# JRE version: OpenJDK Runtime Environment (17.0.7) (build 17.0.7+0-b2043.56-10550314)
# Java VM: OpenJDK 64-Bit Server VM (17.0.7+0-b2043.56-10550314, mixed mode, tiered, compressed oops, compressed class ptrs, g1 gc, windows-amd64)
GC Precious Log:
 CPUs: 12 total, 12 available
 Memory: 6005M
 Large Page Support: Disabled
 NUMA Support: Disabled
 Compressed Oops: Enabled (32-bit)
 Heap Region Size: 1M
 Heap Min Capacity: 8M
 Heap Initial Capacity: 94M
 Heap Max Capacity: 2G
 Pre-touch: Disabled
 Parallel Workers: 10
 Concurrent Workers: 3
 Concurrent Refinement Workers: 10
 Periodic GC: Disabled
Heap:
 garbage-first heap   total 362496K, used 211212K [0x0000000080000000, 0x0000000100000000)
  region size 1024K, 6 young (6144K), 2 survivors (2048K)
 Metaspace       used 140116K, committed 141120K, reserved 1179648K
  class space    used 18743K, committed 19264K, reserved 1048576K
GC Heap History (20 events):
Event: 40.147 GC heap before
{Heap before GC invocations=53 (full 0):
 garbage-first heap   total 275456K, used 229162K [0x0000000080000000, 0x0000000100000000)
  region size 1024K, 61 young (62464K), 7 survivors (7168K)
 Metaspace       used 118890K, committed 119680K, reserved 1179648K
  class space    used 15833K, committed 16192K, reserved 1048576K
}
Event: 40.152 GC heap after
{Heap after GC invocations=54 (full 0):
 garbage-first heap   total 275456K, used 178618K [0x0000000080000000, 0x0000000100000000)
  region size 1024K, 8 young (8192K), 8 survivors (8192K)
 Metaspace       used 118890K, committed 119680K, reserved 1179648K
  class space    used 15833K, committed 16192K, reserved 1048576K
}
Event: 42.635 GC heap before
{Heap before GC invocations=54 (full 0):
 garbage-first heap   total 275456K, used 230842K [0x0000000080000000, 0x0000000100000000)
  region size 1024K, 59 young (60416K), 8 survivors (8192K)
 Metaspace       used 123361K, committed 124160K, reserved 1179648K
  class space    used 16322K, committed 16640K, reserved 1048576K
}
Event: 42.641 GC heap after
{Heap after GC invocations=55 (full 0):
 garbage-first heap   total 275456K, used 183357K [0x0000000080000000, 0x0000000100000000)
  region size 1024K, 5 young (5120K), 5 survivors (5120K)
 Metaspace       used 123361K, committed 124160K, reserved 1179648K
  class space    used 16322K, committed 16640K, reserved 1048576K
}
Event: 206.083 GC heap before
{Heap before GC invocations=55 (full 0):
 garbage-first heap   total 275456K, used 231485K [0x0000000080000000, 0x0000000100000000)
  region size 1024K, 53 young (54272K), 5 survivors (5120K)
 Metaspace       used 124671K, committed 125504K, reserved 1179648K
  class space    used 16451K, committed 16832K, reserved 1048576K
}
Event: 206.218 GC heap after
{Heap after GC invocations=56 (full 0):
 garbage-first heap   total 275456K, used 187403K [0x0000000080000000, 0x0000000100000000)
  region size 1024K, 5 young (5120K), 5 survivors (5120K)
 Metaspace       used 124671K, committed 125504K, reserved 1179648K
  class space    used 16451K, committed 16832K, reserved 1048576K
}
Event: 210.680 GC heap before
{Heap before GC invocations=56 (full 0):
 garbage-first heap   total 275456K, used 233483K [0x0000000080000000, 0x0000000100000000)
  region size 1024K, 50 young (51200K), 5 survivors (5120K)
 Metaspace       used 127583K, committed 128448K, reserved 1179648K
  class space    used 16823K, committed 17216K, reserved 1048576K
}
Event: 210.697 GC heap after
{Heap after GC invocations=57 (full 0):
 garbage-first heap   total 275456K, used 191282K [0x0000000080000000, 0x0000000100000000)
  region size 1024K, 4 young (4096K), 4 survivors (4096K)
 Metaspace       used 127583K, committed 128448K, reserved 1179648K
  class space    used 16823K, committed 17216K, reserved 1048576K
}
Event: 211.599 GC heap before
{Heap before GC invocations=57 (full 0):
 garbage-first heap   total 275456K, used 233266K [0x0000000080000000, 0x0000000100000000)
  region size 1024K, 46 young (47104K), 4 survivors (4096K)
 Metaspace       used 130919K, committed 131904K, reserved 1179648K
  class space    used 17502K, committed 17984K, reserved 1048576K
}
Event: 211.615 GC heap after
{Heap after GC invocations=58 (full 0):
 garbage-first heap   total 275456K, used 192149K [0x0000000080000000, 0x0000000100000000)
  region size 1024K, 2 young (2048K), 2 survivors (2048K)
 Metaspace       used 130919K, committed 131904K, reserved 1179648K
  class space    used 17502K, committed 17984K, reserved 1048576K
}
Event: 213.464 GC heap before
{Heap before GC invocations=58 (full 0):
 garbage-first heap   total 275456K, used 236181K [0x0000000080000000, 0x0000000100000000)
  region size 1024K, 45 young (46080K), 2 survivors (2048K)
 Metaspace       used 134145K, committed 135104K, reserved 1179648K
  class space    used 17978K, committed 18432K, reserved 1048576K
}
Event: 213.469 GC heap after
{Heap after GC invocations=59 (full 0):
 garbage-first heap   total 275456K, used 193993K [0x0000000080000000, 0x0000000100000000)
  region size 1024K, 4 young (4096K), 4 survivors (4096K)
 Metaspace       used 134145K, committed 135104K, reserved 1179648K
  class space    used 17978K, committed 18432K, reserved 1048576K
}
Event: 217.266 GC heap before
{Heap before GC invocations=59 (full 0):
 garbage-first heap   total 275456K, used 238025K [0x0000000080000000, 0x0000000100000000)
  region size 1024K, 42 young (43008K), 4 survivors (4096K)
 Metaspace       used 137350K, committed 138304K, reserved 1179648K
  class space    used 18306K, committed 18752K, reserved 1048576K
}
Event: 217.782 GC heap after
{Heap after GC invocations=60 (full 0):
 garbage-first heap   total 275456K, used 192985K [0x0000000080000000, 0x0000000100000000)
  region size 1024K, 6 young (6144K), 6 survivors (6144K)
 Metaspace       used 137350K, committed 138304K, reserved 1179648K
  class space    used 18306K, committed 18752K, reserved 1048576K
}
Event: 218.169 GC heap before
{Heap before GC invocations=60 (full 0):
 garbage-first heap   total 275456K, used 199129K [0x0000000080000000, 0x0000000100000000)
  region size 1024K, 9 young (9216K), 6 survivors (6144K)
 Metaspace       used 137352K, committed 138304K, reserved 1179648K
  class space    used 18306K, committed 18752K, reserved 1048576K
}
Event: 218.189 GC heap after
{Heap after GC invocations=61 (full 0):
 garbage-first heap   total 275456K, used 200334K [0x0000000080000000, 0x0000000100000000)
  region size 1024K, 3 young (3072K), 3 survivors (3072K)
 Metaspace       used 137352K, committed 138304K, reserved 1179648K
  class space    used 18306K, committed 18752K, reserved 1048576K
}
Event: 219.444 GC heap before
{Heap before GC invocations=62 (full 0):
 garbage-first heap   total 362496K, used 233102K [0x0000000080000000, 0x0000000100000000)
  region size 1024K, 23 young (23552K), 3 survivors (3072K)
 Metaspace       used 139055K, committed 140032K, reserved 1179648K
  class space    used 18618K, committed 19136K, reserved 1048576K
}
Event: 219.456 GC heap after
{Heap after GC invocations=63 (full 0):
 garbage-first heap   total 362496K, used 216688K [0x0000000080000000, 0x0000000100000000)
  region size 1024K, 3 young (3072K), 3 survivors (3072K)
 Metaspace       used 139055K, committed 140032K, reserved 1179648K
  class space    used 18618K, committed 19136K, reserved 1048576K
}
Event: 219.884 GC heap before
{Heap before GC invocations=63 (full 0):
 garbage-first heap   total 362496K, used 230000K [0x0000000080000000, 0x0000000100000000)
  region size 1024K, 17 young (17408K), 3 survivors (3072K)
 Metaspace       used 140114K, committed 141120K, reserved 1179648K
  class space    used 18743K, committed 19264K, reserved 1048576K
}
Event: 219.908 GC heap after
{Heap after GC invocations=64 (full 0):
 garbage-first heap   total 362496K, used 208140K [0x0000000080000000, 0x0000000100000000)
  region size 1024K, 2 young (2048K), 2 survivors (2048K)
 Metaspace       used 140114K, committed 141120K, reserved 1179648K
  class space    used 18743K, committed 19264K, reserved 1048576K
}

