# JRE version: OpenJDK Runtime Environment (17.0.7) (build 17.0.7+0-b2043.56-10550314)
# Java VM: OpenJDK 64-Bit Server VM (17.0.7+0-b2043.56-10550314, mixed mode, tiered, compressed oops, compressed class ptrs, g1 gc, windows-amd64)
GC Precious Log:
 CPUs: 12 total, 12 available
 Memory: 6005M
 Large Page Support: Disabled
 NUMA Support: Disabled
 Compressed Oops: Enabled (32-bit)
 Heap Region Size: 1M
 Heap Min Capacity: 8M
 Heap Initial Capacity: 94M
 Heap Max Capacity: 2G
 Pre-touch: Disabled
 Parallel Workers: 10
 Concurrent Workers: 3
 Concurrent Refinement Workers: 10
 Periodic GC: Disabled
Heap:
 garbage-first heap   total 305152K, used 238091K [0x0000000080000000, 0x0000000100000000)
  region size 1024K, 5 young (5120K), 5 survivors (5120K)
 Metaspace       used 132717K, committed 133632K, reserved 1179648K
  class space    used 18036K, committed 18496K, reserved 1048576K
GC Heap History (20 events):
Event: 44.870 GC heap after
{Heap after GC invocations=69 (full 0):
 garbage-first heap   total 305152K, used 181111K [0x0000000080000000, 0x0000000100000000)
  region size 1024K, 2 young (2048K), 2 survivors (2048K)
 Metaspace       used 119916K, committed 120704K, reserved 1179648K
  class space    used 15907K, committed 16320K, reserved 1048576K
}
Event: 46.055 GC heap before
{Heap before GC invocations=69 (full 0):
 garbage-first heap   total 305152K, used 260983K [0x0000000080000000, 0x0000000100000000)
  region size 1024K, 81 young (82944K), 2 survivors (2048K)
 Metaspace       used 120061K, committed 120896K, reserved 1179648K
  class space    used 15927K, committed 16384K, reserved 1048576K
}
Event: 46.063 GC heap after
{Heap after GC invocations=70 (full 0):
 garbage-first heap   total 305152K, used 183416K [0x0000000080000000, 0x0000000100000000)
  region size 1024K, 5 young (5120K), 5 survivors (5120K)
 Metaspace       used 120061K, committed 120896K, reserved 1179648K
  class space    used 15927K, committed 16384K, reserved 1048576K
}
Event: 48.035 GC heap before
{Heap before GC invocations=70 (full 0):
 garbage-first heap   total 305152K, used 261240K [0x0000000080000000, 0x0000000100000000)
  region size 1024K, 82 young (83968K), 5 survivors (5120K)
 Metaspace       used 120692K, committed 121536K, reserved 1179648K
  class space    used 15971K, committed 16384K, reserved 1048576K
}
Event: 48.043 GC heap after
{Heap after GC invocations=71 (full 0):
 garbage-first heap   total 305152K, used 185554K [0x0000000080000000, 0x0000000100000000)
  region size 1024K, 7 young (7168K), 7 survivors (7168K)
 Metaspace       used 120692K, committed 121536K, reserved 1179648K
  class space    used 15971K, committed 16384K, reserved 1048576K
}
Event: 56.661 GC heap before
{Heap before GC invocations=71 (full 0):
 garbage-first heap   total 305152K, used 261330K [0x0000000080000000, 0x0000000100000000)
  region size 1024K, 82 young (83968K), 7 survivors (7168K)
 Metaspace       used 121446K, committed 122304K, reserved 1179648K
  class space    used 16068K, committed 16512K, reserved 1048576K
}
Event: 56.706 GC heap after
{Heap after GC invocations=72 (full 0):
 garbage-first heap   total 305152K, used 187498K [0x0000000080000000, 0x0000000100000000)
  region size 1024K, 8 young (8192K), 8 survivors (8192K)
 Metaspace       used 121446K, committed 122304K, reserved 1179648K
  class space    used 16068K, committed 16512K, reserved 1048576K
}
Event: 70.431 GC heap before
{Heap before GC invocations=72 (full 0):
 garbage-first heap   total 305152K, used 260202K [0x0000000080000000, 0x0000000100000000)
  region size 1024K, 80 young (81920K), 8 survivors (8192K)
 Metaspace       used 125653K, committed 126528K, reserved 1179648K
  class space    used 16778K, committed 17216K, reserved 1048576K
}
Event: 70.470 GC heap after
{Heap after GC invocations=73 (full 0):
 garbage-first heap   total 305152K, used 196423K [0x0000000080000000, 0x0000000100000000)
  region size 1024K, 10 young (10240K), 10 survivors (10240K)
 Metaspace       used 125653K, committed 126528K, reserved 1179648K
  class space    used 16778K, committed 17216K, reserved 1048576K
}
Event: 75.459 GC heap before
{Heap before GC invocations=73 (full 0):
 garbage-first heap   total 305152K, used 257863K [0x0000000080000000, 0x0000000100000000)
  region size 1024K, 71 young (72704K), 10 survivors (10240K)
 Metaspace       used 127678K, committed 128576K, reserved 1179648K
  class space    used 17119K, committed 17536K, reserved 1048576K
}
Event: 75.491 GC heap after
{Heap after GC invocations=74 (full 0):
 garbage-first heap   total 305152K, used 207443K [0x0000000080000000, 0x0000000100000000)
  region size 1024K, 9 young (9216K), 9 survivors (9216K)
 Metaspace       used 127678K, committed 128576K, reserved 1179648K
  class space    used 17119K, committed 17536K, reserved 1048576K
}
Event: 75.856 GC heap before
{Heap before GC invocations=74 (full 0):
 garbage-first heap   total 305152K, used 255571K [0x0000000080000000, 0x0000000100000000)
  region size 1024K, 57 young (58368K), 9 survivors (9216K)
 Metaspace       used 130302K, committed 131200K, reserved 1179648K
  class space    used 17517K, committed 17920K, reserved 1048576K
}
Event: 75.876 GC heap after
{Heap after GC invocations=75 (full 0):
 garbage-first heap   total 305152K, used 215089K [0x0000000080000000, 0x0000000100000000)
  region size 1024K, 7 young (7168K), 7 survivors (7168K)
 Metaspace       used 130302K, committed 131200K, reserved 1179648K
  class space    used 17517K, committed 17920K, reserved 1048576K
}
Event: 76.008 GC heap before
{Heap before GC invocations=75 (full 0):
 garbage-first heap   total 305152K, used 257073K [0x0000000080000000, 0x0000000100000000)
  region size 1024K, 49 young (50176K), 7 survivors (7168K)
 Metaspace       used 131105K, committed 131968K, reserved 1179648K
  class space    used 17707K, committed 18112K, reserved 1048576K
}
Event: 76.020 GC heap after
{Heap after GC invocations=76 (full 0):
 garbage-first heap   total 305152K, used 221898K [0x0000000080000000, 0x0000000100000000)
  region size 1024K, 7 young (7168K), 7 survivors (7168K)
 Metaspace       used 131105K, committed 131968K, reserved 1179648K
  class space    used 17707K, committed 18112K, reserved 1048576K
}
Event: 76.327 GC heap before
{Heap before GC invocations=76 (full 0):
 garbage-first heap   total 305152K, used 258762K [0x0000000080000000, 0x0000000100000000)
  region size 1024K, 44 young (45056K), 7 survivors (7168K)
 Metaspace       used 132267K, committed 133184K, reserved 1179648K
  class space    used 17948K, committed 18368K, reserved 1048576K
}
Event: 76.360 GC heap after
{Heap after GC invocations=77 (full 0):
 garbage-first heap   total 305152K, used 227633K [0x0000000080000000, 0x0000000100000000)
  region size 1024K, 6 young (6144K), 6 survivors (6144K)
 Metaspace       used 132267K, committed 133184K, reserved 1179648K
  class space    used 17948K, committed 18368K, reserved 1048576K
}
Event: 76.623 GC heap before
{Heap before GC invocations=77 (full 0):
 garbage-first heap   total 305152K, used 260401K [0x0000000080000000, 0x0000000100000000)
  region size 1024K, 39 young (39936K), 6 survivors (6144K)
 Metaspace       used 132609K, committed 133504K, reserved 1179648K
  class space    used 18017K, committed 18432K, reserved 1048576K
}
Event: 76.667 GC heap after
{Heap after GC invocations=78 (full 0):
 garbage-first heap   total 305152K, used 232839K [0x0000000080000000, 0x0000000100000000)
  region size 1024K, 5 young (5120K), 5 survivors (5120K)
 Metaspace       used 132609K, committed 133504K, reserved 1179648K
  class space    used 18017K, committed 18432K, reserved 1048576K
}
Event: 76.782 GC heap before
{Heap before GC invocations=78 (full 0):
 garbage-first heap   total 305152K, used 262535K [0x0000000080000000, 0x0000000100000000)
  region size 1024K, 34 young (34816K), 5 survivors (5120K)
 Metaspace       used 132717K, committed 133632K, reserved 1179648K
  class space    used 18036K, committed 18496K, reserved 1048576K
}

